Performing C SOURCE FILE Test OpenMP_FLAG_DETECTED failed with the following output:
Change Dir: /Users/pring/Workspace/objectDetectPlaypen/aruco/aruco-2.0.19/build/CMakeFiles/CMakeTmp

Run Build Command:"/usr/bin/make" "cmTC_386ee/fast"
/Applications/Xcode.app/Contents/Developer/usr/bin/make -f CMakeFiles/cmTC_386ee.dir/build.make CMakeFiles/cmTC_386ee.dir/build
Building C object CMakeFiles/cmTC_386ee.dir/src.c.o
/Applications/Xcode.app/Contents/Developer/Toolchains/XcodeDefault.xctoolchain/usr/bin/cc   -DOpenMP_FLAG_DETECTED -fopenmp=libomp -isysroot /Applications/Xcode.app/Contents/Developer/Platforms/MacOSX.platform/Developer/SDKs/MacOSX10.12.sdk   -o CMakeFiles/cmTC_386ee.dir/src.c.o   -c /Users/pring/Workspace/objectDetectPlaypen/aruco/aruco-2.0.19/build/CMakeFiles/CMakeTmp/src.c
clang: error: unsupported argument 'libomp' to option 'fopenmp='
make[1]: *** [CMakeFiles/cmTC_386ee.dir/src.c.o] Error 1
make: *** [cmTC_386ee/fast] Error 2

Source file was:

#include <omp.h>
int main() {
#ifdef _OPENMP
  return 0;
#else
  breaks_on_purpose
#endif
}

Performing C SOURCE FILE Test OpenMP_FLAG_DETECTED failed with the following output:
Change Dir: /Users/pring/Workspace/objectDetectPlaypen/aruco/aruco-2.0.19/build/CMakeFiles/CMakeTmp

Run Build Command:"/usr/bin/make" "cmTC_b7eed/fast"
/Applications/Xcode.app/Contents/Developer/usr/bin/make -f CMakeFiles/cmTC_b7eed.dir/build.make CMakeFiles/cmTC_b7eed.dir/build
Building C object CMakeFiles/cmTC_b7eed.dir/src.c.o
/Applications/Xcode.app/Contents/Developer/Toolchains/XcodeDefault.xctoolchain/usr/bin/cc   -DOpenMP_FLAG_DETECTED -isysroot /Applications/Xcode.app/Contents/Developer/Platforms/MacOSX.platform/Developer/SDKs/MacOSX10.12.sdk   -o CMakeFiles/cmTC_b7eed.dir/src.c.o   -c /Users/pring/Workspace/objectDetectPlaypen/aruco/aruco-2.0.19/build/CMakeFiles/CMakeTmp/src.c
/Users/pring/Workspace/objectDetectPlaypen/aruco/aruco-2.0.19/build/CMakeFiles/CMakeTmp/src.c:2:10: fatal error: 'omp.h' file not found
#include <omp.h>
         ^
1 error generated.
make[1]: *** [CMakeFiles/cmTC_b7eed.dir/src.c.o] Error 1
make: *** [cmTC_b7eed/fast] Error 2

Source file was:

#include <omp.h>
int main() {
#ifdef _OPENMP
  return 0;
#else
  breaks_on_purpose
#endif
}

Performing C SOURCE FILE Test OpenMP_FLAG_DETECTED failed with the following output:
Change Dir: /Users/pring/Workspace/objectDetectPlaypen/aruco/aruco-2.0.19/build/CMakeFiles/CMakeTmp

Run Build Command:"/usr/bin/make" "cmTC_f7b05/fast"
/Applications/Xcode.app/Contents/Developer/usr/bin/make -f CMakeFiles/cmTC_f7b05.dir/build.make CMakeFiles/cmTC_f7b05.dir/build
Building C object CMakeFiles/cmTC_f7b05.dir/src.c.o
/Applications/Xcode.app/Contents/Developer/Toolchains/XcodeDefault.xctoolchain/usr/bin/cc   -DOpenMP_FLAG_DETECTED -fopenmp -isysroot /Applications/Xcode.app/Contents/Developer/Platforms/MacOSX.platform/Developer/SDKs/MacOSX10.12.sdk   -o CMakeFiles/cmTC_f7b05.dir/src.c.o   -c /Users/pring/Workspace/objectDetectPlaypen/aruco/aruco-2.0.19/build/CMakeFiles/CMakeTmp/src.c
clang: error: unsupported option '-fopenmp'
make[1]: *** [CMakeFiles/cmTC_f7b05.dir/src.c.o] Error 1
make: *** [cmTC_f7b05/fast] Error 2

Source file was:

#include <omp.h>
int main() {
#ifdef _OPENMP
  return 0;
#else
  breaks_on_purpose
#endif
}

Performing C SOURCE FILE Test OpenMP_FLAG_DETECTED failed with the following output:
Change Dir: /Users/pring/Workspace/objectDetectPlaypen/aruco/aruco-2.0.19/build/CMakeFiles/CMakeTmp

Run Build Command:"/usr/bin/make" "cmTC_4367c/fast"
/Applications/Xcode.app/Contents/Developer/usr/bin/make -f CMakeFiles/cmTC_4367c.dir/build.make CMakeFiles/cmTC_4367c.dir/build
Building C object CMakeFiles/cmTC_4367c.dir/src.c.o
/Applications/Xcode.app/Contents/Developer/Toolchains/XcodeDefault.xctoolchain/usr/bin/cc   -DOpenMP_FLAG_DETECTED /openmp -isysroot /Applications/Xcode.app/Contents/Developer/Platforms/MacOSX.platform/Developer/SDKs/MacOSX10.12.sdk   -o CMakeFiles/cmTC_4367c.dir/src.c.o   -c /Users/pring/Workspace/objectDetectPlaypen/aruco/aruco-2.0.19/build/CMakeFiles/CMakeTmp/src.c
clang: error: no such file or directory: '/openmp'
make[1]: *** [CMakeFiles/cmTC_4367c.dir/src.c.o] Error 1
make: *** [cmTC_4367c/fast] Error 2

Source file was:

#include <omp.h>
int main() {
#ifdef _OPENMP
  return 0;
#else
  breaks_on_purpose
#endif
}

Performing C SOURCE FILE Test OpenMP_FLAG_DETECTED failed with the following output:
Change Dir: /Users/pring/Workspace/objectDetectPlaypen/aruco/aruco-2.0.19/build/CMakeFiles/CMakeTmp

Run Build Command:"/usr/bin/make" "cmTC_4960a/fast"
/Applications/Xcode.app/Contents/Developer/usr/bin/make -f CMakeFiles/cmTC_4960a.dir/build.make CMakeFiles/cmTC_4960a.dir/build
Building C object CMakeFiles/cmTC_4960a.dir/src.c.o
/Applications/Xcode.app/Contents/Developer/Toolchains/XcodeDefault.xctoolchain/usr/bin/cc   -DOpenMP_FLAG_DETECTED -Qopenmp -isysroot /Applications/Xcode.app/Contents/Developer/Platforms/MacOSX.platform/Developer/SDKs/MacOSX10.12.sdk   -o CMakeFiles/cmTC_4960a.dir/src.c.o   -c /Users/pring/Workspace/objectDetectPlaypen/aruco/aruco-2.0.19/build/CMakeFiles/CMakeTmp/src.c
clang: error: unknown argument: '-Qopenmp'
make[1]: *** [CMakeFiles/cmTC_4960a.dir/src.c.o] Error 1
make: *** [cmTC_4960a/fast] Error 2

Source file was:

#include <omp.h>
int main() {
#ifdef _OPENMP
  return 0;
#else
  breaks_on_purpose
#endif
}

Performing C SOURCE FILE Test OpenMP_FLAG_DETECTED failed with the following output:
Change Dir: /Users/pring/Workspace/objectDetectPlaypen/aruco/aruco-2.0.19/build/CMakeFiles/CMakeTmp

Run Build Command:"/usr/bin/make" "cmTC_d5e5d/fast"
/Applications/Xcode.app/Contents/Developer/usr/bin/make -f CMakeFiles/cmTC_d5e5d.dir/build.make CMakeFiles/cmTC_d5e5d.dir/build
Building C object CMakeFiles/cmTC_d5e5d.dir/src.c.o
/Applications/Xcode.app/Contents/Developer/Toolchains/XcodeDefault.xctoolchain/usr/bin/cc   -DOpenMP_FLAG_DETECTED -openmp -isysroot /Applications/Xcode.app/Contents/Developer/Platforms/MacOSX.platform/Developer/SDKs/MacOSX10.12.sdk   -o CMakeFiles/cmTC_d5e5d.dir/src.c.o   -c /Users/pring/Workspace/objectDetectPlaypen/aruco/aruco-2.0.19/build/CMakeFiles/CMakeTmp/src.c
/Users/pring/Workspace/objectDetectPlaypen/aruco/aruco-2.0.19/build/CMakeFiles/CMakeTmp/src.c:2:10: fatal error: 'omp.h' file not found
#include <omp.h>
         ^
1 error generated.
make[1]: *** [CMakeFiles/cmTC_d5e5d.dir/src.c.o] Error 1
make: *** [cmTC_d5e5d/fast] Error 2

Source file was:

#include <omp.h>
int main() {
#ifdef _OPENMP
  return 0;
#else
  breaks_on_purpose
#endif
}

Performing C SOURCE FILE Test OpenMP_FLAG_DETECTED failed with the following output:
Change Dir: /Users/pring/Workspace/objectDetectPlaypen/aruco/aruco-2.0.19/build/CMakeFiles/CMakeTmp

Run Build Command:"/usr/bin/make" "cmTC_c2bfa/fast"
/Applications/Xcode.app/Contents/Developer/usr/bin/make -f CMakeFiles/cmTC_c2bfa.dir/build.make CMakeFiles/cmTC_c2bfa.dir/build
Building C object CMakeFiles/cmTC_c2bfa.dir/src.c.o
/Applications/Xcode.app/Contents/Developer/Toolchains/XcodeDefault.xctoolchain/usr/bin/cc   -DOpenMP_FLAG_DETECTED -xopenmp -isysroot /Applications/Xcode.app/Contents/Developer/Platforms/MacOSX.platform/Developer/SDKs/MacOSX10.12.sdk   -o CMakeFiles/cmTC_c2bfa.dir/src.c.o   -c /Users/pring/Workspace/objectDetectPlaypen/aruco/aruco-2.0.19/build/CMakeFiles/CMakeTmp/src.c
clang: error: language not recognized: 'openmp'
clang: warning: /Users/pring/Workspace/objectDetectPlaypen/aruco/aruco-2.0.19/build/CMakeFiles/CMakeTmp/src.c: 'linker' input unused [-Wunused-command-line-argument]
make[1]: *** [CMakeFiles/cmTC_c2bfa.dir/src.c.o] Error 1
make: *** [cmTC_c2bfa/fast] Error 2

Source file was:

#include <omp.h>
int main() {
#ifdef _OPENMP
  return 0;
#else
  breaks_on_purpose
#endif
}

Performing C SOURCE FILE Test OpenMP_FLAG_DETECTED failed with the following output:
Change Dir: /Users/pring/Workspace/objectDetectPlaypen/aruco/aruco-2.0.19/build/CMakeFiles/CMakeTmp

Run Build Command:"/usr/bin/make" "cmTC_e519e/fast"
/Applications/Xcode.app/Contents/Developer/usr/bin/make -f CMakeFiles/cmTC_e519e.dir/build.make CMakeFiles/cmTC_e519e.dir/build
Building C object CMakeFiles/cmTC_e519e.dir/src.c.o
/Applications/Xcode.app/Contents/Developer/Toolchains/XcodeDefault.xctoolchain/usr/bin/cc   -DOpenMP_FLAG_DETECTED +Oopenmp -isysroot /Applications/Xcode.app/Contents/Developer/Platforms/MacOSX.platform/Developer/SDKs/MacOSX10.12.sdk   -o CMakeFiles/cmTC_e519e.dir/src.c.o   -c /Users/pring/Workspace/objectDetectPlaypen/aruco/aruco-2.0.19/build/CMakeFiles/CMakeTmp/src.c
clang: error: no such file or directory: '+Oopenmp'
make[1]: *** [CMakeFiles/cmTC_e519e.dir/src.c.o] Error 1
make: *** [cmTC_e519e/fast] Error 2

Source file was:

#include <omp.h>
int main() {
#ifdef _OPENMP
  return 0;
#else
  breaks_on_purpose
#endif
}

Performing C SOURCE FILE Test OpenMP_FLAG_DETECTED failed with the following output:
Change Dir: /Users/pring/Workspace/objectDetectPlaypen/aruco/aruco-2.0.19/build/CMakeFiles/CMakeTmp

Run Build Command:"/usr/bin/make" "cmTC_67fc6/fast"
/Applications/Xcode.app/Contents/Developer/usr/bin/make -f CMakeFiles/cmTC_67fc6.dir/build.make CMakeFiles/cmTC_67fc6.dir/build
Building C object CMakeFiles/cmTC_67fc6.dir/src.c.o
/Applications/Xcode.app/Contents/Developer/Toolchains/XcodeDefault.xctoolchain/usr/bin/cc   -DOpenMP_FLAG_DETECTED -qsmp -isysroot /Applications/Xcode.app/Contents/Developer/Platforms/MacOSX.platform/Developer/SDKs/MacOSX10.12.sdk   -o CMakeFiles/cmTC_67fc6.dir/src.c.o   -c /Users/pring/Workspace/objectDetectPlaypen/aruco/aruco-2.0.19/build/CMakeFiles/CMakeTmp/src.c
clang: error: unknown argument: '-qsmp'
make[1]: *** [CMakeFiles/cmTC_67fc6.dir/src.c.o] Error 1
make: *** [cmTC_67fc6/fast] Error 2

Source file was:

#include <omp.h>
int main() {
#ifdef _OPENMP
  return 0;
#else
  breaks_on_purpose
#endif
}

Performing C SOURCE FILE Test OpenMP_FLAG_DETECTED failed with the following output:
Change Dir: /Users/pring/Workspace/objectDetectPlaypen/aruco/aruco-2.0.19/build/CMakeFiles/CMakeTmp

Run Build Command:"/usr/bin/make" "cmTC_f7bc6/fast"
/Applications/Xcode.app/Contents/Developer/usr/bin/make -f CMakeFiles/cmTC_f7bc6.dir/build.make CMakeFiles/cmTC_f7bc6.dir/build
Building C object CMakeFiles/cmTC_f7bc6.dir/src.c.o
/Applications/Xcode.app/Contents/Developer/Toolchains/XcodeDefault.xctoolchain/usr/bin/cc   -DOpenMP_FLAG_DETECTED -mp -isysroot /Applications/Xcode.app/Contents/Developer/Platforms/MacOSX.platform/Developer/SDKs/MacOSX10.12.sdk   -o CMakeFiles/cmTC_f7bc6.dir/src.c.o   -c /Users/pring/Workspace/objectDetectPlaypen/aruco/aruco-2.0.19/build/CMakeFiles/CMakeTmp/src.c
clang: error: unknown argument: '-mp'
make[1]: *** [CMakeFiles/cmTC_f7bc6.dir/src.c.o] Error 1
make: *** [cmTC_f7bc6/fast] Error 2

Source file was:

#include <omp.h>
int main() {
#ifdef _OPENMP
  return 0;
#else
  breaks_on_purpose
#endif
}

Performing C++ SOURCE FILE Test OpenMP_FLAG_DETECTED failed with the following output:
Change Dir: /Users/pring/Workspace/objectDetectPlaypen/aruco/aruco-2.0.19/build/CMakeFiles/CMakeTmp

Run Build Command:"/usr/bin/make" "cmTC_35b6c/fast"
/Applications/Xcode.app/Contents/Developer/usr/bin/make -f CMakeFiles/cmTC_35b6c.dir/build.make CMakeFiles/cmTC_35b6c.dir/build
Building CXX object CMakeFiles/cmTC_35b6c.dir/src.cxx.o
/Applications/Xcode.app/Contents/Developer/Toolchains/XcodeDefault.xctoolchain/usr/bin/c++    -DOpenMP_FLAG_DETECTED -fopenmp=libomp -isysroot /Applications/Xcode.app/Contents/Developer/Platforms/MacOSX.platform/Developer/SDKs/MacOSX10.12.sdk   -o CMakeFiles/cmTC_35b6c.dir/src.cxx.o -c /Users/pring/Workspace/objectDetectPlaypen/aruco/aruco-2.0.19/build/CMakeFiles/CMakeTmp/src.cxx
clang: error: unsupported argument 'libomp' to option 'fopenmp='
make[1]: *** [CMakeFiles/cmTC_35b6c.dir/src.cxx.o] Error 1
make: *** [cmTC_35b6c/fast] Error 2

Source file was:

#include <omp.h>
int main() {
#ifdef _OPENMP
  return 0;
#else
  breaks_on_purpose
#endif
}

Performing C++ SOURCE FILE Test OpenMP_FLAG_DETECTED failed with the following output:
Change Dir: /Users/pring/Workspace/objectDetectPlaypen/aruco/aruco-2.0.19/build/CMakeFiles/CMakeTmp

Run Build Command:"/usr/bin/make" "cmTC_29216/fast"
/Applications/Xcode.app/Contents/Developer/usr/bin/make -f CMakeFiles/cmTC_29216.dir/build.make CMakeFiles/cmTC_29216.dir/build
Building CXX object CMakeFiles/cmTC_29216.dir/src.cxx.o
/Applications/Xcode.app/Contents/Developer/Toolchains/XcodeDefault.xctoolchain/usr/bin/c++    -DOpenMP_FLAG_DETECTED -isysroot /Applications/Xcode.app/Contents/Developer/Platforms/MacOSX.platform/Developer/SDKs/MacOSX10.12.sdk   -o CMakeFiles/cmTC_29216.dir/src.cxx.o -c /Users/pring/Workspace/objectDetectPlaypen/aruco/aruco-2.0.19/build/CMakeFiles/CMakeTmp/src.cxx
/Users/pring/Workspace/objectDetectPlaypen/aruco/aruco-2.0.19/build/CMakeFiles/CMakeTmp/src.cxx:2:10: fatal error: 'omp.h' file not found
#include <omp.h>
         ^
1 error generated.
make[1]: *** [CMakeFiles/cmTC_29216.dir/src.cxx.o] Error 1
make: *** [cmTC_29216/fast] Error 2

Source file was:

#include <omp.h>
int main() {
#ifdef _OPENMP
  return 0;
#else
  breaks_on_purpose
#endif
}

Performing C++ SOURCE FILE Test OpenMP_FLAG_DETECTED failed with the following output:
Change Dir: /Users/pring/Workspace/objectDetectPlaypen/aruco/aruco-2.0.19/build/CMakeFiles/CMakeTmp

Run Build Command:"/usr/bin/make" "cmTC_178f9/fast"
/Applications/Xcode.app/Contents/Developer/usr/bin/make -f CMakeFiles/cmTC_178f9.dir/build.make CMakeFiles/cmTC_178f9.dir/build
Building CXX object CMakeFiles/cmTC_178f9.dir/src.cxx.o
/Applications/Xcode.app/Contents/Developer/Toolchains/XcodeDefault.xctoolchain/usr/bin/c++    -DOpenMP_FLAG_DETECTED -fopenmp -isysroot /Applications/Xcode.app/Contents/Developer/Platforms/MacOSX.platform/Developer/SDKs/MacOSX10.12.sdk   -o CMakeFiles/cmTC_178f9.dir/src.cxx.o -c /Users/pring/Workspace/objectDetectPlaypen/aruco/aruco-2.0.19/build/CMakeFiles/CMakeTmp/src.cxx
clang: error: unsupported option '-fopenmp'
make[1]: *** [CMakeFiles/cmTC_178f9.dir/src.cxx.o] Error 1
make: *** [cmTC_178f9/fast] Error 2

Source file was:

#include <omp.h>
int main() {
#ifdef _OPENMP
  return 0;
#else
  breaks_on_purpose
#endif
}

Performing C++ SOURCE FILE Test OpenMP_FLAG_DETECTED failed with the following output:
Change Dir: /Users/pring/Workspace/objectDetectPlaypen/aruco/aruco-2.0.19/build/CMakeFiles/CMakeTmp

Run Build Command:"/usr/bin/make" "cmTC_e8ba3/fast"
/Applications/Xcode.app/Contents/Developer/usr/bin/make -f CMakeFiles/cmTC_e8ba3.dir/build.make CMakeFiles/cmTC_e8ba3.dir/build
Building CXX object CMakeFiles/cmTC_e8ba3.dir/src.cxx.o
/Applications/Xcode.app/Contents/Developer/Toolchains/XcodeDefault.xctoolchain/usr/bin/c++    -DOpenMP_FLAG_DETECTED /openmp -isysroot /Applications/Xcode.app/Contents/Developer/Platforms/MacOSX.platform/Developer/SDKs/MacOSX10.12.sdk   -o CMakeFiles/cmTC_e8ba3.dir/src.cxx.o -c /Users/pring/Workspace/objectDetectPlaypen/aruco/aruco-2.0.19/build/CMakeFiles/CMakeTmp/src.cxx
clang: error: no such file or directory: '/openmp'
make[1]: *** [CMakeFiles/cmTC_e8ba3.dir/src.cxx.o] Error 1
make: *** [cmTC_e8ba3/fast] Error 2

Source file was:

#include <omp.h>
int main() {
#ifdef _OPENMP
  return 0;
#else
  breaks_on_purpose
#endif
}

Performing C++ SOURCE FILE Test OpenMP_FLAG_DETECTED failed with the following output:
Change Dir: /Users/pring/Workspace/objectDetectPlaypen/aruco/aruco-2.0.19/build/CMakeFiles/CMakeTmp

Run Build Command:"/usr/bin/make" "cmTC_0ad9d/fast"
/Applications/Xcode.app/Contents/Developer/usr/bin/make -f CMakeFiles/cmTC_0ad9d.dir/build.make CMakeFiles/cmTC_0ad9d.dir/build
Building CXX object CMakeFiles/cmTC_0ad9d.dir/src.cxx.o
/Applications/Xcode.app/Contents/Developer/Toolchains/XcodeDefault.xctoolchain/usr/bin/c++    -DOpenMP_FLAG_DETECTED -Qopenmp -isysroot /Applications/Xcode.app/Contents/Developer/Platforms/MacOSX.platform/Developer/SDKs/MacOSX10.12.sdk   -o CMakeFiles/cmTC_0ad9d.dir/src.cxx.o -c /Users/pring/Workspace/objectDetectPlaypen/aruco/aruco-2.0.19/build/CMakeFiles/CMakeTmp/src.cxx
clang: error: unknown argument: '-Qopenmp'
make[1]: *** [CMakeFiles/cmTC_0ad9d.dir/src.cxx.o] Error 1
make: *** [cmTC_0ad9d/fast] Error 2

Source file was:

#include <omp.h>
int main() {
#ifdef _OPENMP
  return 0;
#else
  breaks_on_purpose
#endif
}

Performing C++ SOURCE FILE Test OpenMP_FLAG_DETECTED failed with the following output:
Change Dir: /Users/pring/Workspace/objectDetectPlaypen/aruco/aruco-2.0.19/build/CMakeFiles/CMakeTmp

Run Build Command:"/usr/bin/make" "cmTC_bdf33/fast"
/Applications/Xcode.app/Contents/Developer/usr/bin/make -f CMakeFiles/cmTC_bdf33.dir/build.make CMakeFiles/cmTC_bdf33.dir/build
Building CXX object CMakeFiles/cmTC_bdf33.dir/src.cxx.o
/Applications/Xcode.app/Contents/Developer/Toolchains/XcodeDefault.xctoolchain/usr/bin/c++    -DOpenMP_FLAG_DETECTED -openmp -isysroot /Applications/Xcode.app/Contents/Developer/Platforms/MacOSX.platform/Developer/SDKs/MacOSX10.12.sdk   -o CMakeFiles/cmTC_bdf33.dir/src.cxx.o -c /Users/pring/Workspace/objectDetectPlaypen/aruco/aruco-2.0.19/build/CMakeFiles/CMakeTmp/src.cxx
/Users/pring/Workspace/objectDetectPlaypen/aruco/aruco-2.0.19/build/CMakeFiles/CMakeTmp/src.cxx:2:10: fatal error: 'omp.h' file not found
#include <omp.h>
         ^
1 error generated.
make[1]: *** [CMakeFiles/cmTC_bdf33.dir/src.cxx.o] Error 1
make: *** [cmTC_bdf33/fast] Error 2

Source file was:

#include <omp.h>
int main() {
#ifdef _OPENMP
  return 0;
#else
  breaks_on_purpose
#endif
}

Performing C++ SOURCE FILE Test OpenMP_FLAG_DETECTED failed with the following output:
Change Dir: /Users/pring/Workspace/objectDetectPlaypen/aruco/aruco-2.0.19/build/CMakeFiles/CMakeTmp

Run Build Command:"/usr/bin/make" "cmTC_269ae/fast"
/Applications/Xcode.app/Contents/Developer/usr/bin/make -f CMakeFiles/cmTC_269ae.dir/build.make CMakeFiles/cmTC_269ae.dir/build
Building CXX object CMakeFiles/cmTC_269ae.dir/src.cxx.o
/Applications/Xcode.app/Contents/Developer/Toolchains/XcodeDefault.xctoolchain/usr/bin/c++    -DOpenMP_FLAG_DETECTED -xopenmp -isysroot /Applications/Xcode.app/Contents/Developer/Platforms/MacOSX.platform/Developer/SDKs/MacOSX10.12.sdk   -o CMakeFiles/cmTC_269ae.dir/src.cxx.o -c /Users/pring/Workspace/objectDetectPlaypen/aruco/aruco-2.0.19/build/CMakeFiles/CMakeTmp/src.cxx
clang: error: language not recognized: 'openmp'
clang: warning: /Users/pring/Workspace/objectDetectPlaypen/aruco/aruco-2.0.19/build/CMakeFiles/CMakeTmp/src.cxx: 'linker' input unused [-Wunused-command-line-argument]
make[1]: *** [CMakeFiles/cmTC_269ae.dir/src.cxx.o] Error 1
make: *** [cmTC_269ae/fast] Error 2

Source file was:

#include <omp.h>
int main() {
#ifdef _OPENMP
  return 0;
#else
  breaks_on_purpose
#endif
}

Performing C++ SOURCE FILE Test OpenMP_FLAG_DETECTED failed with the following output:
Change Dir: /Users/pring/Workspace/objectDetectPlaypen/aruco/aruco-2.0.19/build/CMakeFiles/CMakeTmp

Run Build Command:"/usr/bin/make" "cmTC_ec1f9/fast"
/Applications/Xcode.app/Contents/Developer/usr/bin/make -f CMakeFiles/cmTC_ec1f9.dir/build.make CMakeFiles/cmTC_ec1f9.dir/build
Building CXX object CMakeFiles/cmTC_ec1f9.dir/src.cxx.o
/Applications/Xcode.app/Contents/Developer/Toolchains/XcodeDefault.xctoolchain/usr/bin/c++    -DOpenMP_FLAG_DETECTED +Oopenmp -isysroot /Applications/Xcode.app/Contents/Developer/Platforms/MacOSX.platform/Developer/SDKs/MacOSX10.12.sdk   -o CMakeFiles/cmTC_ec1f9.dir/src.cxx.o -c /Users/pring/Workspace/objectDetectPlaypen/aruco/aruco-2.0.19/build/CMakeFiles/CMakeTmp/src.cxx
clang: error: no such file or directory: '+Oopenmp'
make[1]: *** [CMakeFiles/cmTC_ec1f9.dir/src.cxx.o] Error 1
make: *** [cmTC_ec1f9/fast] Error 2

Source file was:

#include <omp.h>
int main() {
#ifdef _OPENMP
  return 0;
#else
  breaks_on_purpose
#endif
}

Performing C++ SOURCE FILE Test OpenMP_FLAG_DETECTED failed with the following output:
Change Dir: /Users/pring/Workspace/objectDetectPlaypen/aruco/aruco-2.0.19/build/CMakeFiles/CMakeTmp

Run Build Command:"/usr/bin/make" "cmTC_c5441/fast"
/Applications/Xcode.app/Contents/Developer/usr/bin/make -f CMakeFiles/cmTC_c5441.dir/build.make CMakeFiles/cmTC_c5441.dir/build
Building CXX object CMakeFiles/cmTC_c5441.dir/src.cxx.o
/Applications/Xcode.app/Contents/Developer/Toolchains/XcodeDefault.xctoolchain/usr/bin/c++    -DOpenMP_FLAG_DETECTED -qsmp -isysroot /Applications/Xcode.app/Contents/Developer/Platforms/MacOSX.platform/Developer/SDKs/MacOSX10.12.sdk   -o CMakeFiles/cmTC_c5441.dir/src.cxx.o -c /Users/pring/Workspace/objectDetectPlaypen/aruco/aruco-2.0.19/build/CMakeFiles/CMakeTmp/src.cxx
clang: error: unknown argument: '-qsmp'
make[1]: *** [CMakeFiles/cmTC_c5441.dir/src.cxx.o] Error 1
make: *** [cmTC_c5441/fast] Error 2

Source file was:

#include <omp.h>
int main() {
#ifdef _OPENMP
  return 0;
#else
  breaks_on_purpose
#endif
}

Performing C++ SOURCE FILE Test OpenMP_FLAG_DETECTED failed with the following output:
Change Dir: /Users/pring/Workspace/objectDetectPlaypen/aruco/aruco-2.0.19/build/CMakeFiles/CMakeTmp

Run Build Command:"/usr/bin/make" "cmTC_32b9b/fast"
/Applications/Xcode.app/Contents/Developer/usr/bin/make -f CMakeFiles/cmTC_32b9b.dir/build.make CMakeFiles/cmTC_32b9b.dir/build
Building CXX object CMakeFiles/cmTC_32b9b.dir/src.cxx.o
/Applications/Xcode.app/Contents/Developer/Toolchains/XcodeDefault.xctoolchain/usr/bin/c++    -DOpenMP_FLAG_DETECTED -mp -isysroot /Applications/Xcode.app/Contents/Developer/Platforms/MacOSX.platform/Developer/SDKs/MacOSX10.12.sdk   -o CMakeFiles/cmTC_32b9b.dir/src.cxx.o -c /Users/pring/Workspace/objectDetectPlaypen/aruco/aruco-2.0.19/build/CMakeFiles/CMakeTmp/src.cxx
clang: error: unknown argument: '-mp'
make[1]: *** [CMakeFiles/cmTC_32b9b.dir/src.cxx.o] Error 1
make: *** [cmTC_32b9b/fast] Error 2

Source file was:

#include <omp.h>
int main() {
#ifdef _OPENMP
  return 0;
#else
  breaks_on_purpose
#endif
}

